Using pre-set license
Built from '2020.3/staging' branch; Version is '2020.3.19f1 (68f137dc9bbe) revision 6877495'; Using compiler version '192528614'; Build Type 'Release'
OS: 'Windows 10 Pro; OS build 19043.1237; Version 2009; 64bit' Language: 'es' Physical Memory: 16342 MB
BatchMode: 1, IsHumanControllingUs: 0, StartBugReporterOnCrash: 0, Is64bit: 1, IsPro: 0

COMMAND LINE ARGUMENTS:
C:\Program Files\Unity\Hub\Editor\2020.3.19f1\Editor\Unity.exe
-adb2
-batchMode
-noUpm
-name
AssetImportWorker0
-projectPath
D:/Alexander_Hidalgo_Calafat_Unity/Alexander-Hidalgo-Tema-1/Mi primer proyecto
-logFile
Logs/AssetImportWorker0.log
-srvPort
58588
Successfully changed project path to: D:/Alexander_Hidalgo_Calafat_Unity/Alexander-Hidalgo-Tema-1/Mi primer proyecto
D:/Alexander_Hidalgo_Calafat_Unity/Alexander-Hidalgo-Tema-1/Mi primer proyecto
Using Asset Import Pipeline V2.
Refreshing native plugins compatible for Editor in 30.82 ms, found 2 plugins.
Preloading 0 native plugins for Editor in 0.00 ms.
Initialize engine version: 2020.3.19f1 (68f137dc9bbe)
[Subsystems] Discovering subsystems at path C:/Program Files/Unity/Hub/Editor/2020.3.19f1/Editor/Data/Resources/UnitySubsystems
[Subsystems] Discovering subsystems at path D:/Alexander_Hidalgo_Calafat_Unity/Alexander-Hidalgo-Tema-1/Mi primer proyecto/Assets
GfxDevice: creating device client; threaded=0
Direct3D:
    Version:  Direct3D 11.0 [level 11.1]
    Renderer: NVIDIA GeForce GTX 1050 Ti (ID=0x1c82)
    Vendor:   
    VRAM:     4018 MB
    Driver:   27.21.14.5671
Initialize mono
Mono path[0] = 'C:/Program Files/Unity/Hub/Editor/2020.3.19f1/Editor/Data/Managed'
Mono path[1] = 'C:/Program Files/Unity/Hub/Editor/2020.3.19f1/Editor/Data/MonoBleedingEdge/lib/mono/unityjit'
Mono config path = 'C:/Program Files/Unity/Hub/Editor/2020.3.19f1/Editor/Data/MonoBleedingEdge/etc'
Using monoOptions --debugger-agent=transport=dt_socket,embedding=1,server=y,suspend=n,address=127.0.0.1:56556
Begin MonoManager ReloadAssembly
Registering precompiled unity dll's ...
Register platform support module: C:/Program Files/Unity/Hub/Editor/2020.3.19f1/Editor/Data/PlaybackEngines/WindowsStandaloneSupport/UnityEditor.WindowsStandalone.Extensions.dll
Registered in 0.002472 seconds.
Native extension for WindowsStandalone target not found
Refreshing native plugins compatible for Editor in 30.62 ms, found 2 plugins.
Preloading 0 native plugins for Editor in 0.00 ms.
Mono: successfully reloaded assembly
- Completed reload, in  1.239 seconds
Domain Reload Profiling:
	ReloadAssembly (1239ms)
		BeginReloadAssembly (64ms)
			ExecutionOrderSort (0ms)
			DisableScriptedObjects (0ms)
			BackupInstance (0ms)
			ReleaseScriptingObjects (0ms)
			CreateAndSetChildDomain (1ms)
		EndReloadAssembly (477ms)
			LoadAssemblies (62ms)
			RebuildTransferFunctionScriptingTraits (0ms)
			SetupTypeCache (178ms)
			ReleaseScriptCaches (0ms)
			RebuildScriptCaches (37ms)
			SetupLoadedEditorAssemblies (182ms)
				LogAssemblyErrors (0ms)
				InitializePlatformSupportModulesInManaged (4ms)
				SetLoadedEditorAssemblies (0ms)
				RefreshPlugins (31ms)
				BeforeProcessingInitializeOnLoad (10ms)
				ProcessInitializeOnLoadAttributes (98ms)
				ProcessInitializeOnLoadMethodAttributes (39ms)
				AfterProcessingInitializeOnLoad (0ms)
				EditorAssembliesLoaded (0ms)
			ExecutionOrderSort2 (0ms)
			AwakeInstancesAfterBackupRestoration (0ms)
Platform modules already initialized, skipping
Registering precompiled user dll's ...
Registered in 0.002971 seconds.
Begin MonoManager ReloadAssembly
Native extension for WindowsStandalone target not found
Refreshing native plugins compatible for Editor in 0.33 ms, found 2 plugins.
Preloading 0 native plugins for Editor in 0.00 ms.
Mono: successfully reloaded assembly
- Completed reload, in  1.112 seconds
Domain Reload Profiling:
	ReloadAssembly (1113ms)
		BeginReloadAssembly (166ms)
			ExecutionOrderSort (0ms)
			DisableScriptedObjects (5ms)
			BackupInstance (0ms)
			ReleaseScriptingObjects (0ms)
			CreateAndSetChildDomain (22ms)
		EndReloadAssembly (879ms)
			LoadAssemblies (90ms)
			RebuildTransferFunctionScriptingTraits (0ms)
			SetupTypeCache (314ms)
			ReleaseScriptCaches (0ms)
			RebuildScriptCaches (47ms)
			SetupLoadedEditorAssemblies (322ms)
				LogAssemblyErrors (0ms)
				InitializePlatformSupportModulesInManaged (6ms)
				SetLoadedEditorAssemblies (1ms)
				RefreshPlugins (0ms)
				BeforeProcessingInitializeOnLoad (58ms)
				ProcessInitializeOnLoadAttributes (245ms)
				ProcessInitializeOnLoadMethodAttributes (5ms)
				AfterProcessingInitializeOnLoad (7ms)
				EditorAssembliesLoaded (0ms)
			ExecutionOrderSort2 (0ms)
			AwakeInstancesAfterBackupRestoration (7ms)
Platform modules already initialized, skipping
========================================================================
Worker process is ready to serve import requests
Launched and connected shader compiler UnityShaderCompiler.exe after 0.05 seconds
Refreshing native plugins compatible for Editor in 0.30 ms, found 2 plugins.
Preloading 0 native plugins for Editor in 0.00 ms.
Unloading 1397 Unused Serialized files (Serialized files now loaded: 0)
System memory in use before: 66.2 MB.
System memory in use after: 66.3 MB.

Unloading 16 unused Assets to reduce memory usage. Loaded Objects now: 1838.
Total: 3.457500 ms (FindLiveObjects: 0.171500 ms CreateObjectMapping: 0.046600 ms MarkObjects: 3.109000 ms  DeleteObjects: 0.129100 ms)

AssetImportParameters requested are different than current active one (requested -> active):
  custom:framework-win-MediaFoundation: 216162199b28c13a410421893ffa2e32 -> 
  custom:video-decoder-ogg-theora: a1e56fd34408186e4bbccfd4996cb3dc -> 
  custom:container-muxer-webm: aa71ff27fc2769a1b78a27578f13a17b -> 
  custom:container-demuxer-webm: 4f35f7cbe854078d1ac9338744f61a02 -> 
  custom:container-demuxer-ogg: 62fdf1f143b41e24485cea50d1cbac27 -> 
  custom:video-encoder-webm-vp8: eb34c28f22e8b96e1ab97ce403110664 -> 
  custom:video-decoder-webm-vp8: 9c59270c3fd7afecdb556c50c9e8de78 -> 
  custom:audio-decoder-ogg-vorbis: bf7c407c2cedff20999df2af8eb42d56 -> 
  custom:audio-encoder-webm-vorbis: bf7c407c2cedff20999df2af8eb42d56 -> 
========================================================================
Received Import Request.
  path: Assets/Materiales/Blue_mat.mat
  artifactKey: Guid(6b7e2b8e9eadad04ea15b60771f9b675) Importer(815301076,1909f56bfc062723c751e8b465ee728b)
Start importing Assets/Materiales/Blue_mat.mat using Guid(6b7e2b8e9eadad04ea15b60771f9b675) Importer(815301076,1909f56bfc062723c751e8b465ee728b)  -> (artifact id: 'b190380a99996bed7724cc66c995fe78') in 0.124241 seconds 
  Import took 0.127184 seconds .

========================================================================
Received Import Request.
  Time since last request: 117.607838 seconds.
  path: Assets/Materiales/Blacl_mat.mat
  artifactKey: Guid(bf6c66ca28ed58a48adf88a277e755b5) Importer(815301076,1909f56bfc062723c751e8b465ee728b)
Start importing Assets/Materiales/Blacl_mat.mat using Guid(bf6c66ca28ed58a48adf88a277e755b5) Importer(815301076,1909f56bfc062723c751e8b465ee728b)  -> (artifact id: '22022f6fb14fcf7e5edd8103d28092b2') in 0.011595 seconds 
  Import took 0.015132 seconds .

========================================================================
Received Import Request.
  Time since last request: 10.649453 seconds.
  path: Assets/Materiales/Black_mat.mat
  artifactKey: Guid(bf6c66ca28ed58a48adf88a277e755b5) Importer(815301076,1909f56bfc062723c751e8b465ee728b)
Start importing Assets/Materiales/Black_mat.mat using Guid(bf6c66ca28ed58a48adf88a277e755b5) Importer(815301076,1909f56bfc062723c751e8b465ee728b)  -> (artifact id: '9640f026fc2d8f4361e256af92ded7ea') in 0.012141 seconds 
  Import took 0.015036 seconds .

========================================================================
Received Import Request.
  Time since last request: 142.149032 seconds.
  path: Assets/Materiales/Yellow_ mat.mat
  artifactKey: Guid(380ba5de8681c3f429de0e8008b43ffc) Importer(815301076,1909f56bfc062723c751e8b465ee728b)
Start importing Assets/Materiales/Yellow_ mat.mat using Guid(380ba5de8681c3f429de0e8008b43ffc) Importer(815301076,1909f56bfc062723c751e8b465ee728b)  -> (artifact id: 'f26802e47882d9f79da44f27053ee3b3') in 0.013680 seconds 
  Import took 0.016652 seconds .

========================================================================
Received Import Request.
  Time since last request: 59.821908 seconds.
  path: Assets/Materiales/Grey_mat.mat
  artifactKey: Guid(6b7e2b8e9eadad04ea15b60771f9b675) Importer(815301076,1909f56bfc062723c751e8b465ee728b)
Start importing Assets/Materiales/Grey_mat.mat using Guid(6b7e2b8e9eadad04ea15b60771f9b675) Importer(815301076,1909f56bfc062723c751e8b465ee728b)  -> (artifact id: 'c78d274c9bd0cb3de91fbabe0450d57d') in 0.011978 seconds 
  Import took 0.014922 seconds .

========================================================================
Received Import Request.
  Time since last request: 5.185091 seconds.
  path: Assets/Materiales/Yellow_mat.mat
  artifactKey: Guid(380ba5de8681c3f429de0e8008b43ffc) Importer(815301076,1909f56bfc062723c751e8b465ee728b)
Start importing Assets/Materiales/Yellow_mat.mat using Guid(380ba5de8681c3f429de0e8008b43ffc) Importer(815301076,1909f56bfc062723c751e8b465ee728b)  -> (artifact id: 'bea54c477c0f86ba602940f7c84f6181') in 0.009440 seconds 
  Import took 0.012538 seconds .

========================================================================
Received Import Request.
  Time since last request: 101.129448 seconds.
  path: Assets/Materiales/Green_mat.mat
  artifactKey: Guid(380ba5de8681c3f429de0e8008b43ffc) Importer(815301076,1909f56bfc062723c751e8b465ee728b)
Start importing Assets/Materiales/Green_mat.mat using Guid(380ba5de8681c3f429de0e8008b43ffc) Importer(815301076,1909f56bfc062723c751e8b465ee728b)  -> (artifact id: '0a0b33f48b7c4f72ec2ba85811b83623') in 0.011209 seconds 
  Import took 0.014009 seconds .

========================================================================
Received Import Request.
  Time since last request: 22.224044 seconds.
  path: Assets/Materiales/Black_mat.mat
  artifactKey: Guid(bf6c66ca28ed58a48adf88a277e755b5) Importer(815301076,1909f56bfc062723c751e8b465ee728b)
Start importing Assets/Materiales/Black_mat.mat using Guid(bf6c66ca28ed58a48adf88a277e755b5) Importer(815301076,1909f56bfc062723c751e8b465ee728b)  -> (artifact id: '83dde721cc12b64294faaa69dcd8d19a') in 0.007646 seconds 
  Import took 0.010557 seconds .

========================================================================
Received Import Request.
  Time since last request: 0.000363 seconds.
  path: Assets/Materiales/Grey_mat.mat
  artifactKey: Guid(6b7e2b8e9eadad04ea15b60771f9b675) Importer(815301076,1909f56bfc062723c751e8b465ee728b)
Start importing Assets/Materiales/Grey_mat.mat using Guid(6b7e2b8e9eadad04ea15b60771f9b675) Importer(815301076,1909f56bfc062723c751e8b465ee728b)  -> (artifact id: 'ebc108574bce4ff67f840aec7a00d533') in 0.007417 seconds 
  Import took 0.010437 seconds .

========================================================================
Received Import Request.
  Time since last request: 1085.041159 seconds.
  path: Assets/Materiales/New Material.mat
  artifactKey: Guid(04be8cd3bf41f5b4e92f45501adb8c79) Importer(815301076,1909f56bfc062723c751e8b465ee728b)
Start importing Assets/Materiales/New Material.mat using Guid(04be8cd3bf41f5b4e92f45501adb8c79) Importer(815301076,1909f56bfc062723c751e8b465ee728b)  -> (artifact id: '729175a63a45a12cff9bc87e40a1496f') in 0.010411 seconds 
  Import took 0.013703 seconds .

========================================================================
Received Import Request.
  Time since last request: 15.580615 seconds.
  path: Assets/Materiales/Red_mat.mat
  artifactKey: Guid(04be8cd3bf41f5b4e92f45501adb8c79) Importer(815301076,1909f56bfc062723c751e8b465ee728b)
Start importing Assets/Materiales/Red_mat.mat using Guid(04be8cd3bf41f5b4e92f45501adb8c79) Importer(815301076,1909f56bfc062723c751e8b465ee728b)  -> (artifact id: '244765dd475cf59fc58109d042581113') in 0.009284 seconds 
  Import took 0.012764 seconds .

========================================================================
Received Import Request.
  Time since last request: 359.906021 seconds.
  path: Assets/Materiales/Red_mat.mat
  artifactKey: Guid(04be8cd3bf41f5b4e92f45501adb8c79) Importer(815301076,1909f56bfc062723c751e8b465ee728b)
Start importing Assets/Materiales/Red_mat.mat using Guid(04be8cd3bf41f5b4e92f45501adb8c79) Importer(815301076,1909f56bfc062723c751e8b465ee728b)  -> (artifact id: 'c841e75aab4b636c098471eb56855c5e') in 0.010199 seconds 
  Import took 0.013838 seconds .

========================================================================
Received Import Request.
  Time since last request: 410.038573 seconds.
  path: Assets/Prefacts
  artifactKey: Guid(94f3355eb35da214f9ab8126a29ba31c) Importer(815301076,1909f56bfc062723c751e8b465ee728b)
Start importing Assets/Prefacts using Guid(94f3355eb35da214f9ab8126a29ba31c) Importer(815301076,1909f56bfc062723c751e8b465ee728b)  -> (artifact id: '5876574c05a18a8612ff4982923eb42b') in 0.002872 seconds 
  Import took 0.005889 seconds .

========================================================================
Received Import Request.
  Time since last request: 50.735776 seconds.
  path: Assets/Prefacts/Templo.prefab
  artifactKey: Guid(2fc35259a7503a749a3981ca243b1c9b) Importer(815301076,1909f56bfc062723c751e8b465ee728b)
Start importing Assets/Prefacts/Templo.prefab using Guid(2fc35259a7503a749a3981ca243b1c9b) Importer(815301076,1909f56bfc062723c751e8b465ee728b)  -> (artifact id: '2c97c476098ead79bb8c6aad53853948') in 0.026224 seconds 
  Import took 0.029208 seconds .

========================================================================
Received Import Request.
  Time since last request: 2488.210433 seconds.
  path: Assets/Prefacts/GameObject.prefab
  artifactKey: Guid(43986c2752b61e3499fd858a4db1e290) Importer(815301076,1909f56bfc062723c751e8b465ee728b)
Start importing Assets/Prefacts/GameObject.prefab using Guid(43986c2752b61e3499fd858a4db1e290) Importer(815301076,1909f56bfc062723c751e8b465ee728b)  -> (artifact id: '2d5818978bb755c6176949ec4007adfa') in 0.025187 seconds 
  Import took 0.028533 seconds .

========================================================================
Received Import Request.
  Time since last request: 17.421337 seconds.
  path: Assets/Prefacts/Robot.prefab
  artifactKey: Guid(43986c2752b61e3499fd858a4db1e290) Importer(815301076,1909f56bfc062723c751e8b465ee728b)
Start importing Assets/Prefacts/Robot.prefab using Guid(43986c2752b61e3499fd858a4db1e290) Importer(815301076,1909f56bfc062723c751e8b465ee728b)  -> (artifact id: 'c80abe5125e32a8f4296508e5a159b6b') in 0.010558 seconds 
  Import took 0.013916 seconds .

========================================================================
Received Import Request.
  Time since last request: 189.939780 seconds.
  path: Assets/Prefacts/GameObject (1) Variant.prefab
  artifactKey: Guid(e6900c37e7b624c45ae0c8f6ccb75e06) Importer(815301076,1909f56bfc062723c751e8b465ee728b)
Start importing Assets/Prefacts/GameObject (1) Variant.prefab using Guid(e6900c37e7b624c45ae0c8f6ccb75e06) Importer(815301076,1909f56bfc062723c751e8b465ee728b)  -> (artifact id: 'cdb064fdce4a5f7a6ae6baeba84c2e44') in 0.014692 seconds 
  Import took 0.017911 seconds .

========================================================================
Received Import Request.
  Time since last request: 13.072862 seconds.
  path: Assets/Prefacts/Enemy.prefab
  artifactKey: Guid(e6900c37e7b624c45ae0c8f6ccb75e06) Importer(815301076,1909f56bfc062723c751e8b465ee728b)
Start importing Assets/Prefacts/Enemy.prefab using Guid(e6900c37e7b624c45ae0c8f6ccb75e06) Importer(815301076,1909f56bfc062723c751e8b465ee728b)  -> (artifact id: '2ccb33877dbd8f1da49a5facf73486df') in 0.011484 seconds 
  Import took 0.015308 seconds .

AssetImportWorkerClient::OnTransportError - code=2 error=End of file
